<?xml version="1.0" encoding="UTF-8"?>
<testsuite xmlns:xsi="http://www.w3.org/2001/XMLSchema-instance" xsi:noNamespaceSchemaLocation="https://maven.apache.org/surefire/maven-surefire-plugin/xsd/surefire-test-report-3.0.xsd" version="3.0" name="MapsProjectBDD.TestRunner" time="17.919" tests="1" errors="0" skipped="0" failures="0">
  <properties>
[...]
</properties>
  <testcase name="Valid Search for Dublin" classname="Google Maps Search" time="16.642">
    <system-out><![CDATA[
@tag @tag1
Scenario: Valid Search for Dublin                     # src/test/resources/MapsTest.feature:6
  Given I am at Google Maps page                      # MapsProjectBDD.steps.MapsTest.I_am_at_Google_Maps_page()
  When I write "Dublin" on Search bar and press Enter # MapsProjectBDD.steps.MapsTest.I_write_on_Search_bar_and_press_Enter(java.lang.String)
A cidade encontrada é: Dublin
  Then I should have "Dublin" on the title            # MapsProjectBDD.steps.MapsTest.I_should_have_Dublin_on_the_title(java.lang.String)
  And I click on the directions icon                  # MapsProjectBDD.steps.MapsTest.i_click_on_the_directions_icon()
O destino encontrado é: Dublin, Irlanda
  And I should have "Dublin" has destination          # MapsProjectBDD.steps.MapsTest.i_should_have_dublin_has_destination(java.lang.String)
]]></system-out>
    <system-err><![CDATA[jan. 18, 2024 9:22:13 DA TARDE org.openqa.selenium.remote.service.DriverService$Builder getLogOutput
INFO: Driver logs no longer sent to console by default; https://www.selenium.dev/documentation/webdriver/drivers/service/#setting-log-output
SLF4J: Failed to load class "org.slf4j.impl.StaticLoggerBinder".
SLF4J: Defaulting to no-operation (NOP) logger implementation
SLF4J: See http://www.slf4j.org/codes.html#StaticLoggerBinder for further details.
jan. 18, 2024 9:22:15 DA TARDE org.openqa.selenium.devtools.CdpVersionFinder findNearestMatch
WARNING: Unable to find CDP implementation matching 120
jan. 18, 2024 9:22:15 DA TARDE org.openqa.selenium.chromium.ChromiumDriver lambda$new$4
WARNING: Unable to find version of CDP to use for . You may need to include a dependency on a specific version of the CDP using something similar to `org.seleniumhq.selenium:selenium-devtools-v86:4.10.0` where the version ("v86") matches the version of the chromium-based browser you're using and the version number of the artifact is the same as Selenium's.
]]></system-err>
  </testcase>
</testsuite>